<?xml version="1.0" encoding="UTF-8"?>
<!-- Generated by org.testng.reporters.JUnitXMLReporter -->
<testsuite hostname="Mac" ignored="1" name="Test group regular expression" tests="2" failures="0" timestamp="26 Mar 2017 13:52:03 GMT" time="0.026" errors="0">
  <testcase name="login" time="0.009" classname="testPackage.GroupRegularExp"/>
  <testcase name="process" time="0.001" classname="testPackage.GroupRegularExp"/>
  <testcase name="Logout" time="0.0" classname="testPackage.GroupRegularExp">
    <ignored/>
  </testcase> <!-- Logout -->
</testsuite> <!-- Test group regular expression -->
