<?xml version="1.0" encoding="UTF-8"?>
<!-- Generated by org.testng.reporters.JUnitXMLReporter -->
<testsuite hostname="Mac" ignored="1" name="OnlyPackageTestNg" tests="6" failures="0" timestamp="21 Mar 2017 18:05:59 GMT" time="0.038" errors="0">
  <testcase name="firstTestMethod" time="0.009" classname="testPackage.Annotation_Test"/>
  <testcase name="secondTestMethod" time="0.002" classname="testPackage.Annotation_Test"/>
  <testcase name="group2Method" time="0.001" classname="testPackage.GroupTesting"/>
  <testcase name="fifthTestMethod" time="0.001" classname="testPackage.Annotation_Test"/>
  <testcase name="fourthMethod" time="0.0" classname="testPackage.AnnotationTest2"/>
  <testcase name="thirdMethod" time="0.001" classname="testPackage.AnnotationTest2"/>
  <testcase name="group1Method" time="0.0" classname="testPackage.GroupTesting">
    <ignored/>
  </testcase> <!-- group1Method -->
</testsuite> <!-- OnlyPackageTestNg -->
