<?xml version="1.0" encoding="UTF-8"?>
<!-- Generated by org.testng.reporters.JUnitXMLReporter -->
<testsuite hostname="Mac" ignored="0" name="Default test" tests="4" failures="0" timestamp="02 Apr 2017 08:09:02 GMT" time="0.032" errors="0">
  <testcase name="depFactMethod2" time="0.01" classname="FactoryMethodTesting.DependsFactTesting"/>
  <testcase name="depFactMethod2" time="0.001" classname="FactoryMethodTesting.DependsFactTesting"/>
  <testcase name="depFactMethod1" time="0.001" classname="FactoryMethodTesting.DependsFactTesting"/>
  <testcase name="depFactMethod1" time="0.001" classname="FactoryMethodTesting.DependsFactTesting"/>
</testsuite> <!-- Default test -->
