<?xml version="1.0" encoding="UTF-8"?>
<!-- Generated by org.testng.reporters.JUnitXMLReporter -->
<testsuite hostname="Mac" ignored="3" name="Include and Exclude the Groups" tests="3" failures="0" timestamp="26 Mar 2017 14:09:59 GMT" time="0.027" errors="0">
  <testcase name="group1Method" time="0.008" classname="testPackage.GroupTesting"/>
  <testcase name="group2Method" time="0.001" classname="testPackage.GroupTesting"/>
  <testcase name="group3Method" time="0.001" classname="testPackage.GroupTesting"/>
  <testcase name="process" time="0.0" classname="testPackage.GroupRegularExp">
    <ignored/>
  </testcase> <!-- process -->
  <testcase name="login" time="0.0" classname="testPackage.GroupRegularExp">
    <ignored/>
  </testcase> <!-- login -->
  <testcase name="Logout" time="0.0" classname="testPackage.GroupRegularExp">
    <ignored/>
  </testcase> <!-- Logout -->
</testsuite> <!-- Include and Exclude the Groups -->
