<?xml version="1.0" encoding="UTF-8"?>
<!-- Generated by org.testng.reporters.JUnitXMLReporter -->
<testsuite hostname="Mac" ignored="1" name="SelectGroups" tests="2" failures="0" timestamp="26 Mar 2017 13:42:08 GMT" time="0.028" errors="0">
  <testcase name="group1Method" time="0.007" classname="testPackage.GroupTesting"/>
  <testcase name="group3Method" time="0.001" classname="testPackage.GroupTesting"/>
  <testcase name="group2Method" time="0.0" classname="testPackage.GroupTesting">
    <ignored/>
  </testcase> <!-- group2Method -->
</testsuite> <!-- SelectGroups -->
