<?xml version="1.0" encoding="UTF-8"?>
<testng-results skipped="0" failed="0" ignored="0" total="4" passed="4">
  <reporter-output>
  </reporter-output>
  <suite name="Default suite" duration-ms="32" started-at="2017-04-02T08:09:02Z" finished-at="2017-04-02T08:09:02Z">
    <groups>
    </groups>
    <test name="Default test" duration-ms="32" started-at="2017-04-02T08:09:02Z" finished-at="2017-04-02T08:09:02Z">
      <class name="FactoryMethodTesting.DependsFactTesting">
        <test-method status="PASS" signature="depFactMethod2()[pri:0, instance:FactoryMethodTesting.DependsFactTesting@2ef5e5e3]" name="depFactMethod2" duration-ms="10" started-at="2017-04-02T11:09:02Z" finished-at="2017-04-02T11:09:02Z">
          <reporter-output>
          </reporter-output>
        </test-method> <!-- depFactMethod2 -->
        <test-method status="PASS" signature="depFactMethod2()[pri:0, instance:FactoryMethodTesting.DependsFactTesting@36d4b5c]" name="depFactMethod2" duration-ms="1" started-at="2017-04-02T11:09:02Z" finished-at="2017-04-02T11:09:02Z">
          <reporter-output>
          </reporter-output>
        </test-method> <!-- depFactMethod2 -->
        <test-method status="PASS" signature="depFactMethod1()[pri:0, instance:FactoryMethodTesting.DependsFactTesting@2ef5e5e3]" name="depFactMethod1" duration-ms="1" started-at="2017-04-02T11:09:02Z" depends-on-methods="FactoryMethodTesting.DependsFactTesting.depFactMethod2" finished-at="2017-04-02T11:09:02Z">
          <reporter-output>
          </reporter-output>
        </test-method> <!-- depFactMethod1 -->
        <test-method status="PASS" signature="depFactMethod1()[pri:0, instance:FactoryMethodTesting.DependsFactTesting@36d4b5c]" name="depFactMethod1" duration-ms="1" started-at="2017-04-02T11:09:02Z" depends-on-methods="FactoryMethodTesting.DependsFactTesting.depFactMethod2" finished-at="2017-04-02T11:09:02Z">
          <reporter-output>
          </reporter-output>
        </test-method> <!-- depFactMethod1 -->
      </class> <!-- FactoryMethodTesting.DependsFactTesting -->
    </test> <!-- Default test -->
  </suite> <!-- Default suite -->
</testng-results>
