<?xml version="1.0" encoding="UTF-8"?>
<!-- Generated by org.testng.reporters.JUnitXMLReporter -->
<testsuite hostname="Mac" ignored="0" name="Factroy Testing Method" tests="4" failures="0" timestamp="02 Apr 2017 07:18:06 GMT" time="0.032" errors="0">
  <testcase name="ArgPassMethod1" time="0.011" classname="FactoryMethodTesting.FacTestParameter"/>
  <testcase name="ArgPassMethod1" time="0.001" classname="FactoryMethodTesting.FacTestParameter"/>
  <testcase name="ArgPassMethod2" time="0.001" classname="FactoryMethodTesting.FacTestParameter"/>
  <testcase name="ArgPassMethod2" time="0.001" classname="FactoryMethodTesting.FacTestParameter"/>
</testsuite> <!-- Factroy Testing Method -->
