<?xml version="1.0" encoding="UTF-8"?>
<!-- Generated by org.testng.reporters.JUnitXMLReporter -->
<testsuite hostname="Mac" ignored="0" name="DependencyTest" tests="7" failures="2" timestamp="30 Mar 2017 19:13:18 GMT" time="0.039" errors="0">
  <testcase name="Method1" time="0.009" classname="testPackage.DependsOnTesting"/>
  <testcase name="Method2" time="0.002" classname="testPackage.DependsOnTesting">
    <failure type="java.lang.ArithmeticException" message="/ by zero">
      <![CDATA[java.lang.ArithmeticException: / by zero
	at testPackage.DependsOnTesting.Method2(DependsOnTesting.java:15)
... Removed 25 stack frames]]>
    </failure>
  </testcase> <!-- Method2 -->
  <testcase name="Method4" time="0.001" classname="testPackage.DependsOnTesting"/>
  <testcase name="Method5" time="0.001" classname="testPackage.DependsOnTesting">
    <failure type="java.lang.ArithmeticException" message="/ by zero">
      <![CDATA[java.lang.ArithmeticException: / by zero
	at testPackage.DependsOnTesting.Method5(DependsOnTesting.java:31)
... Removed 25 stack frames]]>
    </failure>
  </testcase> <!-- Method5 -->
  <testcase name="Method6" time="0.001" classname="testPackage.DependsOnTesting"/>
  <testcase name="Method3" time="0.0" classname="testPackage.DependsOnTesting">
    <skipped/>
  </testcase> <!-- Method3 -->
  <testcase name="Method7" time="0.0" classname="testPackage.DependsOnTesting">
    <skipped/>
  </testcase> <!-- Method7 -->
</testsuite> <!-- DependencyTest -->
